Traceback (most recent call last):
  File "/opt/hostedtoolcache/Python/3.7.10/x64/lib/python3.7/site-packages/jupyter_cache/executors/utils.py", line 56, in single_nb_execution
    record_timing=False,
  File "/opt/hostedtoolcache/Python/3.7.10/x64/lib/python3.7/site-packages/nbclient/client.py", line 1112, in execute
    return NotebookClient(nb=nb, resources=resources, km=km, **kwargs).execute()
  File "/opt/hostedtoolcache/Python/3.7.10/x64/lib/python3.7/site-packages/nbclient/util.py", line 74, in wrapped
    return just_run(coro(*args, **kwargs))
  File "/opt/hostedtoolcache/Python/3.7.10/x64/lib/python3.7/site-packages/nbclient/util.py", line 53, in just_run
    return loop.run_until_complete(coro)
  File "/opt/hostedtoolcache/Python/3.7.10/x64/lib/python3.7/asyncio/base_events.py", line 587, in run_until_complete
    return future.result()
  File "/opt/hostedtoolcache/Python/3.7.10/x64/lib/python3.7/site-packages/nbclient/client.py", line 554, in async_execute
    cell, index, execution_count=self.code_cells_executed + 1
  File "/opt/hostedtoolcache/Python/3.7.10/x64/lib/python3.7/site-packages/nbclient/client.py", line 857, in async_execute_cell
    self._check_raise_for_error(cell, exec_reply)
  File "/opt/hostedtoolcache/Python/3.7.10/x64/lib/python3.7/site-packages/nbclient/client.py", line 760, in _check_raise_for_error
    raise CellExecutionError.from_cell_and_msg(cell, exec_reply_content)
nbclient.exceptions.CellExecutionError: An error occurred while executing the following cell:
------------------
import nitransforms as nt

itk_xform = nt.io.itk.ITKLinearTransform.from_filename(result.outputs.forward_transforms[0])
matrix = itk_xform.to_ras(reference=fixed_path, moving=moving_path)
matrix
------------------

[0;31m---------------------------------------------------------------------------[0m
[0;31mKeyError[0m                                  Traceback (most recent call last)
[0;32m<ipython-input-10-65ec336d6625>[0m in [0;36m<module>[0;34m[0m
[1;32m      1[0m [0;32mimport[0m [0mnitransforms[0m [0;32mas[0m [0mnt[0m[0;34m[0m[0;34m[0m[0m
[1;32m      2[0m [0;34m[0m[0m
[0;32m----> 3[0;31m [0mitk_xform[0m [0;34m=[0m [0mnt[0m[0;34m.[0m[0mio[0m[0;34m.[0m[0mitk[0m[0;34m.[0m[0mITKLinearTransform[0m[0;34m.[0m[0mfrom_filename[0m[0;34m([0m[0mresult[0m[0;34m.[0m[0moutputs[0m[0;34m.[0m[0mforward_transforms[0m[0;34m[[0m[0;36m0[0m[0;34m][0m[0;34m)[0m[0;34m[0m[0;34m[0m[0m
[0m[1;32m      4[0m [0mmatrix[0m [0;34m=[0m [0mitk_xform[0m[0;34m.[0m[0mto_ras[0m[0;34m([0m[0mreference[0m[0;34m=[0m[0mfixed_path[0m[0;34m,[0m [0mmoving[0m[0;34m=[0m[0mmoving_path[0m[0;34m)[0m[0;34m[0m[0;34m[0m[0m
[1;32m      5[0m [0mmatrix[0m[0;34m[0m[0;34m[0m[0m

[0;32m/opt/hostedtoolcache/Python/3.7.10/x64/lib/python3.7/site-packages/nitransforms/io/itk.py[0m in [0;36mfrom_filename[0;34m(cls, filename)[0m
[1;32m    112[0m         [0;32mif[0m [0mstr[0m[0;34m([0m[0mfilename[0m[0;34m)[0m[0;34m.[0m[0mendswith[0m[0;34m([0m[0;34m".mat"[0m[0;34m)[0m[0;34m:[0m[0;34m[0m[0;34m[0m[0m
[1;32m    113[0m             [0;32mwith[0m [0mopen[0m[0;34m([0m[0mstr[0m[0;34m([0m[0mfilename[0m[0;34m)[0m[0;34m,[0m [0;34m"rb"[0m[0;34m)[0m [0;32mas[0m [0mfileobj[0m[0;34m:[0m[0;34m[0m[0;34m[0m[0m
[0;32m--> 114[0;31m                 [0;32mreturn[0m [0mcls[0m[0;34m.[0m[0mfrom_binary[0m[0;34m([0m[0mfileobj[0m[0;34m)[0m[0;34m[0m[0;34m[0m[0m
[0m[1;32m    115[0m [0;34m[0m[0m
[1;32m    116[0m         [0;32mwith[0m [0mopen[0m[0;34m([0m[0mstr[0m[0;34m([0m[0mfilename[0m[0;34m)[0m[0;34m)[0m [0;32mas[0m [0mfileobj[0m[0;34m:[0m[0;34m[0m[0;34m[0m[0m

[0;32m/opt/hostedtoolcache/Python/3.7.10/x64/lib/python3.7/site-packages/nitransforms/io/itk.py[0m in [0;36mfrom_binary[0;34m(cls, byte_stream, index)[0m
[1;32m    105[0m         [0;34m"""Read the struct from a matlab binary file."""[0m[0;34m[0m[0;34m[0m[0m
[1;32m    106[0m         [0mmdict[0m [0;34m=[0m [0m_read_mat[0m[0;34m([0m[0mbyte_stream[0m[0;34m)[0m[0;34m[0m[0;34m[0m[0m
[0;32m--> 107[0;31m         [0;32mreturn[0m [0mcls[0m[0;34m.[0m[0mfrom_matlab_dict[0m[0;34m([0m[0mmdict[0m[0;34m,[0m [0mindex[0m[0;34m=[0m[0mindex[0m[0;34m)[0m[0;34m[0m[0;34m[0m[0m
[0m[1;32m    108[0m [0;34m[0m[0m
[1;32m    109[0m     [0;34m@[0m[0mclassmethod[0m[0;34m[0m[0;34m[0m[0m

[0;32m/opt/hostedtoolcache/Python/3.7.10/x64/lib/python3.7/site-packages/nitransforms/io/itk.py[0m in [0;36mfrom_matlab_dict[0;34m(cls, mdict, index)[0m
[1;32m    132[0m         [0msa[0m[0;34m[[0m[0;34m"index"[0m[0;34m][0m [0;34m=[0m [0mindex[0m[0;34m[0m[0;34m[0m[0m
[1;32m    133[0m         [0mparameters[0m [0;34m=[0m [0mnp[0m[0;34m.[0m[0meye[0m[0;34m([0m[0;36m4[0m[0;34m,[0m [0mdtype[0m[0;34m=[0m[0;34m"f4"[0m[0;34m)[0m[0;34m[0m[0;34m[0m[0m
[0;32m--> 134[0;31m         [0mparameters[0m[0;34m[[0m[0;34m:[0m[0;36m3[0m[0;34m,[0m [0;34m:[0m[0;36m3[0m[0;34m][0m [0;34m=[0m [0mmdict[0m[0;34m[[0m[0;34m"AffineTransform_float_3_3"[0m[0;34m][0m[0;34m[[0m[0;34m:[0m[0;34m-[0m[0;36m3[0m[0;34m][0m[0;34m.[0m[0mreshape[0m[0;34m([0m[0;34m([0m[0;36m3[0m[0;34m,[0m [0;36m3[0m[0;34m)[0m[0;34m)[0m[0;34m[0m[0;34m[0m[0m
[0m[1;32m    135[0m         [0mparameters[0m[0;34m[[0m[0;34m:[0m[0;36m3[0m[0;34m,[0m [0;36m3[0m[0;34m][0m [0;34m=[0m [0mmdict[0m[0;34m[[0m[0;34m"AffineTransform_float_3_3"[0m[0;34m][0m[0;34m[[0m[0;34m-[0m[0;36m3[0m[0;34m:[0m[0;34m][0m[0;34m.[0m[0mflatten[0m[0;34m([0m[0;34m)[0m[0;34m[0m[0;34m[0m[0m
[1;32m    136[0m         [0msa[0m[0;34m[[0m[0;34m"parameters"[0m[0;34m][0m [0;34m=[0m [0mparameters[0m[0;34m[0m[0;34m[0m[0m

[0;31mKeyError[0m: 'AffineTransform_float_3_3'
KeyError: 'AffineTransform_float_3_3'

