Traceback (most recent call last):
  File "/opt/hostedtoolcache/Python/3.7.10/x64/lib/python3.7/site-packages/jupyter_cache/executors/utils.py", line 56, in single_nb_execution
    record_timing=False,
  File "/opt/hostedtoolcache/Python/3.7.10/x64/lib/python3.7/site-packages/nbclient/client.py", line 1112, in execute
    return NotebookClient(nb=nb, resources=resources, km=km, **kwargs).execute()
  File "/opt/hostedtoolcache/Python/3.7.10/x64/lib/python3.7/site-packages/nbclient/util.py", line 74, in wrapped
    return just_run(coro(*args, **kwargs))
  File "/opt/hostedtoolcache/Python/3.7.10/x64/lib/python3.7/site-packages/nbclient/util.py", line 53, in just_run
    return loop.run_until_complete(coro)
  File "/opt/hostedtoolcache/Python/3.7.10/x64/lib/python3.7/asyncio/base_events.py", line 587, in run_until_complete
    return future.result()
  File "/opt/hostedtoolcache/Python/3.7.10/x64/lib/python3.7/site-packages/nbclient/client.py", line 554, in async_execute
    cell, index, execution_count=self.code_cells_executed + 1
  File "/opt/hostedtoolcache/Python/3.7.10/x64/lib/python3.7/site-packages/nbclient/client.py", line 857, in async_execute_cell
    self._check_raise_for_error(cell, exec_reply)
  File "/opt/hostedtoolcache/Python/3.7.10/x64/lib/python3.7/site-packages/nbclient/client.py", line 760, in _check_raise_for_error
    raise CellExecutionError.from_cell_and_msg(cell, exec_reply_content)
nbclient.exceptions.CellExecutionError: An error occurred while executing the following cell:
------------------
%matplotlib inline

from nilearn import image
from nilearn.plotting import plot_epi

selected_volumes = image.index_img(dwi, slice(3, 7))

for img in image.iter_img(selected_volumes):
    plot_epi(img, display_mode="z", cut_coords=(30, 53, 75), cmap="gray")
------------------

[0;31m---------------------------------------------------------------------------[0m
[0;31mModuleNotFoundError[0m                       Traceback (most recent call last)
[0;32m<ipython-input-5-3f9d131e3587>[0m in [0;36m<module>[0;34m[0m
[0;32m----> 1[0;31m [0mget_ipython[0m[0;34m([0m[0;34m)[0m[0;34m.[0m[0mrun_line_magic[0m[0;34m([0m[0;34m'matplotlib'[0m[0;34m,[0m [0;34m'inline'[0m[0;34m)[0m[0;34m[0m[0;34m[0m[0m
[0m[1;32m      2[0m [0;34m[0m[0m
[1;32m      3[0m [0;32mfrom[0m [0mnilearn[0m [0;32mimport[0m [0mimage[0m[0;34m[0m[0;34m[0m[0m
[1;32m      4[0m [0;32mfrom[0m [0mnilearn[0m[0;34m.[0m[0mplotting[0m [0;32mimport[0m [0mplot_epi[0m[0;34m[0m[0;34m[0m[0m
[1;32m      5[0m [0;34m[0m[0m

[0;32m/opt/hostedtoolcache/Python/3.7.10/x64/lib/python3.7/site-packages/IPython/core/interactiveshell.py[0m in [0;36mrun_line_magic[0;34m(self, magic_name, line, _stack_depth)[0m
[1;32m   2342[0m                 [0mkwargs[0m[0;34m[[0m[0;34m'local_ns'[0m[0;34m][0m [0;34m=[0m [0mself[0m[0;34m.[0m[0mget_local_scope[0m[0;34m([0m[0mstack_depth[0m[0;34m)[0m[0;34m[0m[0;34m[0m[0m
[1;32m   2343[0m             [0;32mwith[0m [0mself[0m[0;34m.[0m[0mbuiltin_trap[0m[0;34m:[0m[0;34m[0m[0;34m[0m[0m
[0;32m-> 2344[0;31m                 [0mresult[0m [0;34m=[0m [0mfn[0m[0;34m([0m[0;34m*[0m[0margs[0m[0;34m,[0m [0;34m**[0m[0mkwargs[0m[0;34m)[0m[0;34m[0m[0;34m[0m[0m
[0m[1;32m   2345[0m             [0;32mreturn[0m [0mresult[0m[0;34m[0m[0;34m[0m[0m
[1;32m   2346[0m [0;34m[0m[0m

[0;32m/opt/hostedtoolcache/Python/3.7.10/x64/lib/python3.7/site-packages/decorator.py[0m in [0;36mfun[0;34m(*args, **kw)[0m
[1;32m    229[0m             [0;32mif[0m [0;32mnot[0m [0mkwsyntax[0m[0;34m:[0m[0;34m[0m[0;34m[0m[0m
[1;32m    230[0m                 [0margs[0m[0;34m,[0m [0mkw[0m [0;34m=[0m [0mfix[0m[0;34m([0m[0margs[0m[0;34m,[0m [0mkw[0m[0;34m,[0m [0msig[0m[0;34m)[0m[0;34m[0m[0;34m[0m[0m
[0;32m--> 231[0;31m             [0;32mreturn[0m [0mcaller[0m[0;34m([0m[0mfunc[0m[0;34m,[0m [0;34m*[0m[0;34m([0m[0mextras[0m [0;34m+[0m [0margs[0m[0;34m)[0m[0;34m,[0m [0;34m**[0m[0mkw[0m[0;34m)[0m[0;34m[0m[0;34m[0m[0m
[0m[1;32m    232[0m     [0mfun[0m[0;34m.[0m[0m__name__[0m [0;34m=[0m [0mfunc[0m[0;34m.[0m[0m__name__[0m[0;34m[0m[0;34m[0m[0m
[1;32m    233[0m     [0mfun[0m[0;34m.[0m[0m__doc__[0m [0;34m=[0m [0mfunc[0m[0;34m.[0m[0m__doc__[0m[0;34m[0m[0;34m[0m[0m

[0;32m/opt/hostedtoolcache/Python/3.7.10/x64/lib/python3.7/site-packages/IPython/core/magic.py[0m in [0;36m<lambda>[0;34m(f, *a, **k)[0m
[1;32m    185[0m     [0;31m# but it's overkill for just that one bit of state.[0m[0;34m[0m[0;34m[0m[0;34m[0m[0m
[1;32m    186[0m     [0;32mdef[0m [0mmagic_deco[0m[0;34m([0m[0marg[0m[0;34m)[0m[0;34m:[0m[0;34m[0m[0;34m[0m[0m
[0;32m--> 187[0;31m         [0mcall[0m [0;34m=[0m [0;32mlambda[0m [0mf[0m[0;34m,[0m [0;34m*[0m[0ma[0m[0;34m,[0m [0;34m**[0m[0mk[0m[0;34m:[0m [0mf[0m[0;34m([0m[0;34m*[0m[0ma[0m[0;34m,[0m [0;34m**[0m[0mk[0m[0;34m)[0m[0;34m[0m[0;34m[0m[0m
[0m[1;32m    188[0m [0;34m[0m[0m
[1;32m    189[0m         [0;32mif[0m [0mcallable[0m[0;34m([0m[0marg[0m[0;34m)[0m[0;34m:[0m[0;34m[0m[0;34m[0m[0m

[0;32m/opt/hostedtoolcache/Python/3.7.10/x64/lib/python3.7/site-packages/IPython/core/magics/pylab.py[0m in [0;36mmatplotlib[0;34m(self, line)[0m
[1;32m     97[0m             [0mprint[0m[0;34m([0m[0;34m"Available matplotlib backends: %s"[0m [0;34m%[0m [0mbackends_list[0m[0;34m)[0m[0;34m[0m[0;34m[0m[0m
[1;32m     98[0m         [0;32melse[0m[0;34m:[0m[0;34m[0m[0;34m[0m[0m
[0;32m---> 99[0;31m             [0mgui[0m[0;34m,[0m [0mbackend[0m [0;34m=[0m [0mself[0m[0;34m.[0m[0mshell[0m[0;34m.[0m[0menable_matplotlib[0m[0;34m([0m[0margs[0m[0;34m.[0m[0mgui[0m[0;34m.[0m[0mlower[0m[0;34m([0m[0;34m)[0m [0;32mif[0m [0misinstance[0m[0;34m([0m[0margs[0m[0;34m.[0m[0mgui[0m[0;34m,[0m [0mstr[0m[0;34m)[0m [0;32melse[0m [0margs[0m[0;34m.[0m[0mgui[0m[0;34m)[0m[0;34m[0m[0;34m[0m[0m
[0m[1;32m    100[0m             [0mself[0m[0;34m.[0m[0m_show_matplotlib_backend[0m[0;34m([0m[0margs[0m[0;34m.[0m[0mgui[0m[0;34m,[0m [0mbackend[0m[0;34m)[0m[0;34m[0m[0;34m[0m[0m
[1;32m    101[0m [0;34m[0m[0m

[0;32m/opt/hostedtoolcache/Python/3.7.10/x64/lib/python3.7/site-packages/ipykernel/zmqshell.py[0m in [0;36menable_matplotlib[0;34m(self, gui)[0m
[1;32m    599[0m [0;34m[0m[0m
[1;32m    600[0m     [0;32mdef[0m [0menable_matplotlib[0m[0;34m([0m[0mself[0m[0;34m,[0m [0mgui[0m[0;34m=[0m[0;32mNone[0m[0;34m)[0m[0;34m:[0m[0;34m[0m[0;34m[0m[0m
[0;32m--> 601[0;31m         [0mgui[0m[0;34m,[0m [0mbackend[0m [0;34m=[0m [0msuper[0m[0;34m([0m[0mZMQInteractiveShell[0m[0;34m,[0m [0mself[0m[0;34m)[0m[0;34m.[0m[0menable_matplotlib[0m[0;34m([0m[0mgui[0m[0;34m)[0m[0;34m[0m[0;34m[0m[0m
[0m[1;32m    602[0m [0;34m[0m[0m
[1;32m    603[0m         [0;32mfrom[0m [0mipykernel[0m[0;34m.[0m[0mpylab[0m[0;34m.[0m[0mbackend_inline[0m [0;32mimport[0m [0mconfigure_inline_support[0m[0;34m[0m[0;34m[0m[0m

[0;32m/opt/hostedtoolcache/Python/3.7.10/x64/lib/python3.7/site-packages/IPython/core/interactiveshell.py[0m in [0;36menable_matplotlib[0;34m(self, gui)[0m
[1;32m   3511[0m         """
[1;32m   3512[0m         [0;32mfrom[0m [0mIPython[0m[0;34m.[0m[0mcore[0m [0;32mimport[0m [0mpylabtools[0m [0;32mas[0m [0mpt[0m[0;34m[0m[0;34m[0m[0m
[0;32m-> 3513[0;31m         [0mgui[0m[0;34m,[0m [0mbackend[0m [0;34m=[0m [0mpt[0m[0;34m.[0m[0mfind_gui_and_backend[0m[0;34m([0m[0mgui[0m[0;34m,[0m [0mself[0m[0;34m.[0m[0mpylab_gui_select[0m[0;34m)[0m[0;34m[0m[0;34m[0m[0m
[0m[1;32m   3514[0m [0;34m[0m[0m
[1;32m   3515[0m         [0;32mif[0m [0mgui[0m [0;34m!=[0m [0;34m'inline'[0m[0;34m:[0m[0;34m[0m[0;34m[0m[0m

[0;32m/opt/hostedtoolcache/Python/3.7.10/x64/lib/python3.7/site-packages/IPython/core/pylabtools.py[0m in [0;36mfind_gui_and_backend[0;34m(gui, gui_select)[0m
[1;32m    278[0m     """
[1;32m    279[0m [0;34m[0m[0m
[0;32m--> 280[0;31m     [0;32mimport[0m [0mmatplotlib[0m[0;34m[0m[0;34m[0m[0m
[0m[1;32m    281[0m [0;34m[0m[0m
[1;32m    282[0m     [0;32mif[0m [0mgui[0m [0;32mand[0m [0mgui[0m [0;34m!=[0m [0;34m'auto'[0m[0;34m:[0m[0;34m[0m[0;34m[0m[0m

[0;31mModuleNotFoundError[0m: No module named 'matplotlib'
ModuleNotFoundError: No module named 'matplotlib'

