Traceback (most recent call last):
  File "/opt/hostedtoolcache/Python/3.7.10/x64/lib/python3.7/site-packages/jupyter_cache/executors/utils.py", line 56, in single_nb_execution
    record_timing=False,
  File "/opt/hostedtoolcache/Python/3.7.10/x64/lib/python3.7/site-packages/nbclient/client.py", line 1112, in execute
    return NotebookClient(nb=nb, resources=resources, km=km, **kwargs).execute()
  File "/opt/hostedtoolcache/Python/3.7.10/x64/lib/python3.7/site-packages/nbclient/util.py", line 74, in wrapped
    return just_run(coro(*args, **kwargs))
  File "/opt/hostedtoolcache/Python/3.7.10/x64/lib/python3.7/site-packages/nbclient/util.py", line 53, in just_run
    return loop.run_until_complete(coro)
  File "/opt/hostedtoolcache/Python/3.7.10/x64/lib/python3.7/asyncio/base_events.py", line 587, in run_until_complete
    return future.result()
  File "/opt/hostedtoolcache/Python/3.7.10/x64/lib/python3.7/site-packages/nbclient/client.py", line 554, in async_execute
    cell, index, execution_count=self.code_cells_executed + 1
  File "/opt/hostedtoolcache/Python/3.7.10/x64/lib/python3.7/site-packages/nbclient/client.py", line 857, in async_execute_cell
    self._check_raise_for_error(cell, exec_reply)
  File "/opt/hostedtoolcache/Python/3.7.10/x64/lib/python3.7/site-packages/nbclient/client.py", line 760, in _check_raise_for_error
    raise CellExecutionError.from_cell_and_msg(cell, exec_reply_content)
nbclient.exceptions.CellExecutionError: An error occurred while executing the following cell:
------------------
model = TrivialB0Model(
	dmri_dataset.gradients,
)
------------------

[0;31m---------------------------------------------------------------------------[0m
[0;31mValueError[0m                                Traceback (most recent call last)
[0;32m<ipython-input-3-57ffd94e5f1e>[0m in [0;36m<module>[0;34m[0m
[1;32m      1[0m model = TrivialB0Model(
[0;32m----> 2[0;31m         [0mdmri_dataset[0m[0;34m.[0m[0mgradients[0m[0;34m,[0m[0;34m[0m[0;34m[0m[0m
[0m[1;32m      3[0m )

[0;32m<ipython-input-2-85858524ea44>[0m in [0;36m__init__[0;34m(self, gtab, S0, **kwargs)[0m
[1;32m     15[0m         [0;34m"""Implement object initialization."""[0m[0;34m[0m[0;34m[0m[0m
[1;32m     16[0m         [0;32mif[0m [0mS0[0m [0;32mis[0m [0;32mNone[0m[0;34m:[0m[0;34m[0m[0;34m[0m[0m
[0;32m---> 17[0;31m             [0;32mraise[0m [0mValueError[0m[0;34m([0m[0;34m"S0 must be provided"[0m[0;34m)[0m[0;34m[0m[0;34m[0m[0m
[0m[1;32m     18[0m [0;34m[0m[0m
[1;32m     19[0m         [0mself[0m[0;34m.[0m[0m_S0[0m [0;34m=[0m [0mS0[0m[0;34m[0m[0;34m[0m[0m

[0;31mValueError[0m: S0 must be provided
ValueError: S0 must be provided

